{
  message: '✅ Database connected successfully',
  level: 'info',
  timestamp: '2025-10-13 17:18:09'
}
{
  message: '🚀 Inventra Backend Server running on port 5000',
  level: 'info',
  timestamp: '2025-10-13 17:18:09'
}
{
  message: '📍 Environment: development',
  level: 'info',
  timestamp: '2025-10-13 17:18:09'
}
{
  message: '🌐 CORS enabled for: http://localhost:3000',
  level: 'info',
  timestamp: '2025-10-13 17:18:09'
}
{
  message: 'SIGINT received, shutting down gracefully',
  level: 'info',
  timestamp: '2025-10-13 17:20:11'
}
{
  message: '✅ Database connected successfully',
  level: 'info',
  timestamp: '2025-10-13 17:20:24'
}
{
  message: '🚀 Inventra Backend Server running on port 5000',
  level: 'info',
  timestamp: '2025-10-13 17:20:24'
}
{
  message: '📍 Environment: development',
  level: 'info',
  timestamp: '2025-10-13 17:20:24'
}
{
  message: '🌐 CORS enabled for: http://localhost:3000',
  level: 'info',
  timestamp: '2025-10-13 17:20:24'
}
{
  message: 'SIGINT received, shutting down gracefully',
  level: 'info',
  timestamp: '2025-10-13 17:20:38'
}
{
  message: '✅ Database connected successfully',
  level: 'info',
  timestamp: '2025-10-13 17:20:52'
}
{
  message: '🚀 Inventra Backend Server running on port 5000',
  level: 'info',
  timestamp: '2025-10-13 17:20:52'
}
{
  message: '📍 Environment: development',
  level: 'info',
  timestamp: '2025-10-13 17:20:52'
}
{
  message: '🌐 CORS enabled for: http://localhost:3000',
  level: 'info',
  timestamp: '2025-10-13 17:20:52'
}
{
  query: 'SELECT * FROM ASSET ORDER BY Created_At DESC LIMIT 5...',
  error: "Unknown column 'Created_At' in 'order clause'",
  level: 'error',
  message: 'Database query error:',
  timestamp: '2025-10-13 17:22:19'
}
{
  message: "Error in getAssetStatistics: Unknown column 'Created_At' in 'order clause'",
  code: 'ER_BAD_FIELD_ERROR',
  errno: 1054,
  sql: 'SELECT * FROM ASSET ORDER BY Created_At DESC LIMIT 5',
  sqlState: '42S22',
  sqlMessage: "Unknown column 'Created_At' in 'order clause'",
  level: 'error',
  stack: "Error: Unknown column 'Created_At' in 'order clause'\n" +
    '    at PromisePool.execute (D:\\intern project\\Inventra\\backend\\node_modules\\mysql2\\lib\\promise\\pool.js:54:22)\n' +
    '    at executeQuery (D:\\intern project\\Inventra\\backend\\config\\database.js:44:34)\n' +
    '    at D:\\intern project\\Inventra\\backend\\models\\Asset.js:155:28\n' +
    '    at Array.map (<anonymous>)\n' +
    '    at Asset.getStatistics (D:\\intern project\\Inventra\\backend\\models\\Asset.js:155:15)\n' +
    '    at getAssetStatistics (D:\\intern project\\Inventra\\backend\\controllers\\assetController.js:159:36)\n' +
    '    at Layer.handle [as handle_request] (D:\\intern project\\Inventra\\backend\\node_modules\\express\\lib\\router\\layer.js:95:5)\n' +
    '    at next (D:\\intern project\\Inventra\\backend\\node_modules\\express\\lib\\router\\route.js:149:13)\n' +
    '    at Route.dispatch (D:\\intern project\\Inventra\\backend\\node_modules\\express\\lib\\router\\route.js:119:3)\n' +
    '    at Layer.handle [as handle_request] (D:\\intern project\\Inventra\\backend\\node_modules\\express\\lib\\router\\layer.js:95:5)',
  timestamp: '2025-10-13 17:22:19'
}
{
  stack: "Error: Unknown column 'Created_At' in 'order clause'\n" +
    '    at PromisePool.execute (D:\\intern project\\Inventra\\backend\\node_modules\\mysql2\\lib\\promise\\pool.js:54:22)\n' +
    '    at executeQuery (D:\\intern project\\Inventra\\backend\\config\\database.js:44:34)\n' +
    '    at D:\\intern project\\Inventra\\backend\\models\\Asset.js:155:28\n' +
    '    at Array.map (<anonymous>)\n' +
    '    at Asset.getStatistics (D:\\intern project\\Inventra\\backend\\models\\Asset.js:155:15)\n' +
    '    at getAssetStatistics (D:\\intern project\\Inventra\\backend\\controllers\\assetController.js:159:36)\n' +
    '    at Layer.handle [as handle_request] (D:\\intern project\\Inventra\\backend\\node_modules\\express\\lib\\router\\layer.js:95:5)\n' +
    '    at next (D:\\intern project\\Inventra\\backend\\node_modules\\express\\lib\\router\\route.js:149:13)\n' +
    '    at Route.dispatch (D:\\intern project\\Inventra\\backend\\node_modules\\express\\lib\\router\\route.js:119:3)\n' +
    '    at Layer.handle [as handle_request] (D:\\intern project\\Inventra\\backend\\node_modules\\express\\lib\\router\\layer.js:95:5)',
  url: '/api/v1/assets/statistics',
  method: 'GET',
  ip: '::1',
  userAgent: 'Mozilla/5.0 (Windows NT 10.0; Win64; x64) AppleWebKit/537.36 (KHTML, like Gecko) Chrome/137.0.0.0 Safari/537.36 OPR/121.0.0.0',
  level: 'error',
  message: "Error Unknown column 'Created_At' in 'order clause'",
  timestamp: '2025-10-13 17:22:19'
}
{
  query: '\n' +
    '      SELECT * FROM ASSET \n' +
    '      WHERE 1=1 \n' +
    '      ORDER BY Created_At DESC \n' +
    '      LIMIT ? OFFSET ?\n' +
    '...',
  error: "Unknown column 'Created_At' in 'order clause'",
  level: 'error',
  message: 'Database query error:',
  timestamp: '2025-10-13 17:23:57'
}
{
  message: "Error in getAllAssets: Unknown column 'Created_At' in 'order clause'",
  code: 'ER_BAD_FIELD_ERROR',
  errno: 1054,
  sql: '\n' +
    '      SELECT * FROM ASSET \n' +
    '      WHERE 1=1 \n' +
    '      ORDER BY Created_At DESC \n' +
    '      LIMIT ? OFFSET ?\n' +
    '    ',
  sqlState: '42S22',
  sqlMessage: "Unknown column 'Created_At' in 'order clause'",
  level: 'error',
  stack: "Error: Unknown column 'Created_At' in 'order clause'\n" +
    '    at PromisePool.execute (D:\\intern project\\Inventra\\backend\\node_modules\\mysql2\\lib\\promise\\pool.js:54:22)\n' +
    '    at executeQuery (D:\\intern project\\Inventra\\backend\\config\\database.js:44:34)\n' +
    '    at Asset.findAll (D:\\intern project\\Inventra\\backend\\models\\Asset.js:93:26)\n' +
    '    at process.processTicksAndRejections (node:internal/process/task_queues:105:5)\n' +
    '    at async getAllAssets (D:\\intern project\\Inventra\\backend\\controllers\\assetController.js:19:20)',
  timestamp: '2025-10-13 17:23:57'
}
{
  stack: "Error: Unknown column 'Created_At' in 'order clause'\n" +
    '    at PromisePool.execute (D:\\intern project\\Inventra\\backend\\node_modules\\mysql2\\lib\\promise\\pool.js:54:22)\n' +
    '    at executeQuery (D:\\intern project\\Inventra\\backend\\config\\database.js:44:34)\n' +
    '    at Asset.findAll (D:\\intern project\\Inventra\\backend\\models\\Asset.js:93:26)\n' +
    '    at process.processTicksAndRejections (node:internal/process/task_queues:105:5)\n' +
    '    at async getAllAssets (D:\\intern project\\Inventra\\backend\\controllers\\assetController.js:19:20)',
  url: '/api/v1/assets?page=1&limit=1000',
  method: 'GET',
  ip: '::1',
  userAgent: 'Mozilla/5.0 (Windows NT 10.0; Win64; x64) AppleWebKit/537.36 (KHTML, like Gecko) Chrome/137.0.0.0 Safari/537.36 OPR/121.0.0.0',
  level: 'error',
  message: "Error Unknown column 'Created_At' in 'order clause'",
  timestamp: '2025-10-13 17:23:57'
}
{
  query: '\n' +
    '      SELECT * FROM ASSET \n' +
    '      WHERE 1=1 \n' +
    '      ORDER BY Created_At DESC \n' +
    '      LIMIT ? OFFSET ?\n' +
    '...',
  error: "Unknown column 'Created_At' in 'order clause'",
  level: 'error',
  message: 'Database query error:',
  timestamp: '2025-10-13 17:23:59'
}
{
  message: "Error in getAllAssets: Unknown column 'Created_At' in 'order clause'",
  code: 'ER_BAD_FIELD_ERROR',
  errno: 1054,
  sql: '\n' +
    '      SELECT * FROM ASSET \n' +
    '      WHERE 1=1 \n' +
    '      ORDER BY Created_At DESC \n' +
    '      LIMIT ? OFFSET ?\n' +
    '    ',
  sqlState: '42S22',
  sqlMessage: "Unknown column 'Created_At' in 'order clause'",
  level: 'error',
  stack: "Error: Unknown column 'Created_At' in 'order clause'\n" +
    '    at PromisePool.execute (D:\\intern project\\Inventra\\backend\\node_modules\\mysql2\\lib\\promise\\pool.js:54:22)\n' +
    '    at executeQuery (D:\\intern project\\Inventra\\backend\\config\\database.js:44:34)\n' +
    '    at Asset.findAll (D:\\intern project\\Inventra\\backend\\models\\Asset.js:93:26)\n' +
    '    at process.processTicksAndRejections (node:internal/process/task_queues:105:5)\n' +
    '    at async getAllAssets (D:\\intern project\\Inventra\\backend\\controllers\\assetController.js:19:20)',
  timestamp: '2025-10-13 17:23:59'
}
{
  stack: "Error: Unknown column 'Created_At' in 'order clause'\n" +
    '    at PromisePool.execute (D:\\intern project\\Inventra\\backend\\node_modules\\mysql2\\lib\\promise\\pool.js:54:22)\n' +
    '    at executeQuery (D:\\intern project\\Inventra\\backend\\config\\database.js:44:34)\n' +
    '    at Asset.findAll (D:\\intern project\\Inventra\\backend\\models\\Asset.js:93:26)\n' +
    '    at process.processTicksAndRejections (node:internal/process/task_queues:105:5)\n' +
    '    at async getAllAssets (D:\\intern project\\Inventra\\backend\\controllers\\assetController.js:19:20)',
  url: '/api/v1/assets?page=1&limit=1000',
  method: 'GET',
  ip: '::1',
  userAgent: 'Mozilla/5.0 (Windows NT 10.0; Win64; x64) AppleWebKit/537.36 (KHTML, like Gecko) Chrome/137.0.0.0 Safari/537.36 OPR/121.0.0.0',
  level: 'error',
  message: "Error Unknown column 'Created_At' in 'order clause'",
  timestamp: '2025-10-13 17:23:59'
}
{
  query: '\n' +
    '      SELECT * FROM ASSET \n' +
    '      WHERE 1=1 \n' +
    '      ORDER BY Created_At DESC \n' +
    '      LIMIT ? OFFSET ?\n' +
    '...',
  error: "Unknown column 'Created_At' in 'order clause'",
  level: 'error',
  message: 'Database query error:',
  timestamp: '2025-10-13 17:24:01'
}
{
  message: "Error in getAllAssets: Unknown column 'Created_At' in 'order clause'",
  code: 'ER_BAD_FIELD_ERROR',
  errno: 1054,
  sql: '\n' +
    '      SELECT * FROM ASSET \n' +
    '      WHERE 1=1 \n' +
    '      ORDER BY Created_At DESC \n' +
    '      LIMIT ? OFFSET ?\n' +
    '    ',
  sqlState: '42S22',
  sqlMessage: "Unknown column 'Created_At' in 'order clause'",
  level: 'error',
  stack: "Error: Unknown column 'Created_At' in 'order clause'\n" +
    '    at PromisePool.execute (D:\\intern project\\Inventra\\backend\\node_modules\\mysql2\\lib\\promise\\pool.js:54:22)\n' +
    '    at executeQuery (D:\\intern project\\Inventra\\backend\\config\\database.js:44:34)\n' +
    '    at Asset.findAll (D:\\intern project\\Inventra\\backend\\models\\Asset.js:93:26)\n' +
    '    at process.processTicksAndRejections (node:internal/process/task_queues:105:5)\n' +
    '    at async getAllAssets (D:\\intern project\\Inventra\\backend\\controllers\\assetController.js:19:20)',
  timestamp: '2025-10-13 17:24:01'
}
{
  stack: "Error: Unknown column 'Created_At' in 'order clause'\n" +
    '    at PromisePool.execute (D:\\intern project\\Inventra\\backend\\node_modules\\mysql2\\lib\\promise\\pool.js:54:22)\n' +
    '    at executeQuery (D:\\intern project\\Inventra\\backend\\config\\database.js:44:34)\n' +
    '    at Asset.findAll (D:\\intern project\\Inventra\\backend\\models\\Asset.js:93:26)\n' +
    '    at process.processTicksAndRejections (node:internal/process/task_queues:105:5)\n' +
    '    at async getAllAssets (D:\\intern project\\Inventra\\backend\\controllers\\assetController.js:19:20)',
  url: '/api/v1/assets?page=1&limit=1000',
  method: 'GET',
  ip: '::1',
  userAgent: 'Mozilla/5.0 (Windows NT 10.0; Win64; x64) AppleWebKit/537.36 (KHTML, like Gecko) Chrome/137.0.0.0 Safari/537.36 OPR/121.0.0.0',
  level: 'error',
  message: "Error Unknown column 'Created_At' in 'order clause'",
  timestamp: '2025-10-13 17:24:01'
}
{
  query: 'SELECT * FROM ASSET ORDER BY Created_At DESC LIMIT 5...',
  error: "Unknown column 'Created_At' in 'order clause'",
  level: 'error',
  message: 'Database query error:',
  timestamp: '2025-10-13 17:24:19'
}
{
  message: "Error in getAssetStatistics: Unknown column 'Created_At' in 'order clause'",
  code: 'ER_BAD_FIELD_ERROR',
  errno: 1054,
  sql: 'SELECT * FROM ASSET ORDER BY Created_At DESC LIMIT 5',
  sqlState: '42S22',
  sqlMessage: "Unknown column 'Created_At' in 'order clause'",
  level: 'error',
  stack: "Error: Unknown column 'Created_At' in 'order clause'\n" +
    '    at PromisePool.execute (D:\\intern project\\Inventra\\backend\\node_modules\\mysql2\\lib\\promise\\pool.js:54:22)\n' +
    '    at executeQuery (D:\\intern project\\Inventra\\backend\\config\\database.js:44:34)\n' +
    '    at D:\\intern project\\Inventra\\backend\\models\\Asset.js:155:28\n' +
    '    at Array.map (<anonymous>)\n' +
    '    at Asset.getStatistics (D:\\intern project\\Inventra\\backend\\models\\Asset.js:155:15)\n' +
    '    at getAssetStatistics (D:\\intern project\\Inventra\\backend\\controllers\\assetController.js:159:36)\n' +
    '    at Layer.handle [as handle_request] (D:\\intern project\\Inventra\\backend\\node_modules\\express\\lib\\router\\layer.js:95:5)\n' +
    '    at next (D:\\intern project\\Inventra\\backend\\node_modules\\express\\lib\\router\\route.js:149:13)\n' +
    '    at Route.dispatch (D:\\intern project\\Inventra\\backend\\node_modules\\express\\lib\\router\\route.js:119:3)\n' +
    '    at Layer.handle [as handle_request] (D:\\intern project\\Inventra\\backend\\node_modules\\express\\lib\\router\\layer.js:95:5)',
  timestamp: '2025-10-13 17:24:19'
}
{
  stack: "Error: Unknown column 'Created_At' in 'order clause'\n" +
    '    at PromisePool.execute (D:\\intern project\\Inventra\\backend\\node_modules\\mysql2\\lib\\promise\\pool.js:54:22)\n' +
    '    at executeQuery (D:\\intern project\\Inventra\\backend\\config\\database.js:44:34)\n' +
    '    at D:\\intern project\\Inventra\\backend\\models\\Asset.js:155:28\n' +
    '    at Array.map (<anonymous>)\n' +
    '    at Asset.getStatistics (D:\\intern project\\Inventra\\backend\\models\\Asset.js:155:15)\n' +
    '    at getAssetStatistics (D:\\intern project\\Inventra\\backend\\controllers\\assetController.js:159:36)\n' +
    '    at Layer.handle [as handle_request] (D:\\intern project\\Inventra\\backend\\node_modules\\express\\lib\\router\\layer.js:95:5)\n' +
    '    at next (D:\\intern project\\Inventra\\backend\\node_modules\\express\\lib\\router\\route.js:149:13)\n' +
    '    at Route.dispatch (D:\\intern project\\Inventra\\backend\\node_modules\\express\\lib\\router\\route.js:119:3)\n' +
    '    at Layer.handle [as handle_request] (D:\\intern project\\Inventra\\backend\\node_modules\\express\\lib\\router\\layer.js:95:5)',
  url: '/api/v1/assets/statistics',
  method: 'GET',
  ip: '::1',
  userAgent: 'Mozilla/5.0 (Windows NT 10.0; Win64; x64) AppleWebKit/537.36 (KHTML, like Gecko) Chrome/137.0.0.0 Safari/537.36 OPR/121.0.0.0',
  level: 'error',
  message: "Error Unknown column 'Created_At' in 'order clause'",
  timestamp: '2025-10-13 17:24:19'
}
{
  query: '\n' +
    '      SELECT * FROM ASSET \n' +
    '      WHERE 1=1 \n' +
    '      ORDER BY Created_At DESC \n' +
    '      LIMIT ? OFFSET ?\n' +
    '...',
  error: "Unknown column 'Created_At' in 'order clause'",
  level: 'error',
  message: 'Database query error:',
  timestamp: '2025-10-13 17:24:24'
}
{
  message: "Error in getAllAssets: Unknown column 'Created_At' in 'order clause'",
  code: 'ER_BAD_FIELD_ERROR',
  errno: 1054,
  sql: '\n' +
    '      SELECT * FROM ASSET \n' +
    '      WHERE 1=1 \n' +
    '      ORDER BY Created_At DESC \n' +
    '      LIMIT ? OFFSET ?\n' +
    '    ',
  sqlState: '42S22',
  sqlMessage: "Unknown column 'Created_At' in 'order clause'",
  level: 'error',
  stack: "Error: Unknown column 'Created_At' in 'order clause'\n" +
    '    at PromisePool.execute (D:\\intern project\\Inventra\\backend\\node_modules\\mysql2\\lib\\promise\\pool.js:54:22)\n' +
    '    at executeQuery (D:\\intern project\\Inventra\\backend\\config\\database.js:44:34)\n' +
    '    at Asset.findAll (D:\\intern project\\Inventra\\backend\\models\\Asset.js:93:26)\n' +
    '    at process.processTicksAndRejections (node:internal/process/task_queues:105:5)\n' +
    '    at async getAllAssets (D:\\intern project\\Inventra\\backend\\controllers\\assetController.js:19:20)',
  timestamp: '2025-10-13 17:24:24'
}
{
  stack: "Error: Unknown column 'Created_At' in 'order clause'\n" +
    '    at PromisePool.execute (D:\\intern project\\Inventra\\backend\\node_modules\\mysql2\\lib\\promise\\pool.js:54:22)\n' +
    '    at executeQuery (D:\\intern project\\Inventra\\backend\\config\\database.js:44:34)\n' +
    '    at Asset.findAll (D:\\intern project\\Inventra\\backend\\models\\Asset.js:93:26)\n' +
    '    at process.processTicksAndRejections (node:internal/process/task_queues:105:5)\n' +
    '    at async getAllAssets (D:\\intern project\\Inventra\\backend\\controllers\\assetController.js:19:20)',
  url: '/api/v1/assets?page=1&limit=1000',
  method: 'GET',
  ip: '::1',
  userAgent: 'Mozilla/5.0 (Windows NT 10.0; Win64; x64) AppleWebKit/537.36 (KHTML, like Gecko) Chrome/137.0.0.0 Safari/537.36 OPR/121.0.0.0',
  level: 'error',
  message: "Error Unknown column 'Created_At' in 'order clause'",
  timestamp: '2025-10-13 17:24:24'
}
{
  query: 'SELECT * FROM ASSET ORDER BY Created_At DESC LIMIT 5...',
  error: "Unknown column 'Created_At' in 'order clause'",
  level: 'error',
  message: 'Database query error:',
  timestamp: '2025-10-13 17:24:28'
}
{
  message: "Error in getAssetStatistics: Unknown column 'Created_At' in 'order clause'",
  code: 'ER_BAD_FIELD_ERROR',
  errno: 1054,
  sql: 'SELECT * FROM ASSET ORDER BY Created_At DESC LIMIT 5',
  sqlState: '42S22',
  sqlMessage: "Unknown column 'Created_At' in 'order clause'",
  level: 'error',
  stack: "Error: Unknown column 'Created_At' in 'order clause'\n" +
    '    at PromisePool.execute (D:\\intern project\\Inventra\\backend\\node_modules\\mysql2\\lib\\promise\\pool.js:54:22)\n' +
    '    at executeQuery (D:\\intern project\\Inventra\\backend\\config\\database.js:44:34)\n' +
    '    at D:\\intern project\\Inventra\\backend\\models\\Asset.js:155:28\n' +
    '    at Array.map (<anonymous>)\n' +
    '    at Asset.getStatistics (D:\\intern project\\Inventra\\backend\\models\\Asset.js:155:15)\n' +
    '    at getAssetStatistics (D:\\intern project\\Inventra\\backend\\controllers\\assetController.js:159:36)\n' +
    '    at Layer.handle [as handle_request] (D:\\intern project\\Inventra\\backend\\node_modules\\express\\lib\\router\\layer.js:95:5)\n' +
    '    at next (D:\\intern project\\Inventra\\backend\\node_modules\\express\\lib\\router\\route.js:149:13)\n' +
    '    at Route.dispatch (D:\\intern project\\Inventra\\backend\\node_modules\\express\\lib\\router\\route.js:119:3)\n' +
    '    at Layer.handle [as handle_request] (D:\\intern project\\Inventra\\backend\\node_modules\\express\\lib\\router\\layer.js:95:5)',
  timestamp: '2025-10-13 17:24:28'
}
{
  stack: "Error: Unknown column 'Created_At' in 'order clause'\n" +
    '    at PromisePool.execute (D:\\intern project\\Inventra\\backend\\node_modules\\mysql2\\lib\\promise\\pool.js:54:22)\n' +
    '    at executeQuery (D:\\intern project\\Inventra\\backend\\config\\database.js:44:34)\n' +
    '    at D:\\intern project\\Inventra\\backend\\models\\Asset.js:155:28\n' +
    '    at Array.map (<anonymous>)\n' +
    '    at Asset.getStatistics (D:\\intern project\\Inventra\\backend\\models\\Asset.js:155:15)\n' +
    '    at getAssetStatistics (D:\\intern project\\Inventra\\backend\\controllers\\assetController.js:159:36)\n' +
    '    at Layer.handle [as handle_request] (D:\\intern project\\Inventra\\backend\\node_modules\\express\\lib\\router\\layer.js:95:5)\n' +
    '    at next (D:\\intern project\\Inventra\\backend\\node_modules\\express\\lib\\router\\route.js:149:13)\n' +
    '    at Route.dispatch (D:\\intern project\\Inventra\\backend\\node_modules\\express\\lib\\router\\route.js:119:3)\n' +
    '    at Layer.handle [as handle_request] (D:\\intern project\\Inventra\\backend\\node_modules\\express\\lib\\router\\layer.js:95:5)',
  url: '/api/v1/assets/statistics',
  method: 'GET',
  ip: '::1',
  userAgent: 'Mozilla/5.0 (Windows NT 10.0; Win64; x64) AppleWebKit/537.36 (KHTML, like Gecko) Chrome/137.0.0.0 Safari/537.36 OPR/121.0.0.0',
  level: 'error',
  message: "Error Unknown column 'Created_At' in 'order clause'",
  timestamp: '2025-10-13 17:24:28'
}
{
  message: '✅ Database connected successfully',
  level: 'info',
  timestamp: '2025-10-13 17:44:23'
}
{
  message: '🚀 Inventra Backend Server running on port 5000',
  level: 'info',
  timestamp: '2025-10-13 17:44:23'
}
{
  message: '📍 Environment: development',
  level: 'info',
  timestamp: '2025-10-13 17:44:23'
}
{
  message: '🌐 CORS enabled for: http://localhost:3000',
  level: 'info',
  timestamp: '2025-10-13 17:44:23'
}
{
  message: 'SIGINT received, shutting down gracefully',
  level: 'info',
  timestamp: '2025-10-13 17:44:43'
}
{
  message: '✅ Database connected successfully',
  level: 'info',
  timestamp: '2025-10-13 17:47:15'
}
{
  message: '🚀 Inventra Backend Server running on port 5000',
  level: 'info',
  timestamp: '2025-10-13 17:47:15'
}
{
  message: '📍 Environment: development',
  level: 'info',
  timestamp: '2025-10-13 17:47:15'
}
{
  message: '🌐 CORS enabled for: http://localhost:3000',
  level: 'info',
  timestamp: '2025-10-13 17:47:15'
}
{
  message: 'SIGINT received, shutting down gracefully',
  level: 'info',
  timestamp: '2025-10-13 17:47:54'
}
{
  message: '✅ Database connected successfully',
  level: 'info',
  timestamp: '2025-10-13 17:48:53'
}
{
  message: '🚀 Inventra Backend Server running on port 5000',
  level: 'info',
  timestamp: '2025-10-13 17:48:53'
}
{
  message: '📍 Environment: development',
  level: 'info',
  timestamp: '2025-10-13 17:48:53'
}
{
  message: '🌐 CORS enabled for: http://localhost:3000',
  level: 'info',
  timestamp: '2025-10-13 17:48:53'
}
{
  level: 'error',
  message: '❌ Database connection failed:',
  timestamp: '2025-10-15 09:28:01'
}
{
  level: 'error',
  message: '❌ Database connection failed:',
  timestamp: '2025-10-15 09:29:14'
}
{
  level: 'error',
  message: '❌ Database connection failed:',
  timestamp: '2025-10-15 09:29:29'
}
{
  level: 'error',
  message: '❌ Database connection failed:',
  timestamp: '2025-10-15 09:32:07'
}
{
  message: '✅ Database connected successfully',
  level: 'info',
  timestamp: '2025-10-15 09:34:09'
}
{
  message: '🚀 Inventra Backend Server running on port 5000',
  level: 'info',
  timestamp: '2025-10-15 09:34:09'
}
{
  message: '📍 Environment: development',
  level: 'info',
  timestamp: '2025-10-15 09:34:09'
}
{
  message: '🌐 CORS enabled for: http://localhost:3000',
  level: 'info',
  timestamp: '2025-10-15 09:34:09'
}
{
  message: 'SIGINT received, shutting down gracefully',
  level: 'info',
  timestamp: '2025-10-15 09:34:25'
}
{
  message: '✅ Database connected successfully',
  level: 'info',
  timestamp: '2025-10-15 09:34:35'
}
{
  message: '🚀 Inventra Backend Server running on port 5000',
  level: 'info',
  timestamp: '2025-10-15 09:34:35'
}
{
  message: '📍 Environment: development',
  level: 'info',
  timestamp: '2025-10-15 09:34:35'
}
{
  message: '🌐 CORS enabled for: http://localhost:3000',
  level: 'info',
  timestamp: '2025-10-15 09:34:35'
}
{
  message: '✅ Database connected successfully',
  level: 'info',
  timestamp: '2025-10-15 09:55:44'
}
{
  error: Error: listen EADDRINUSE: address already in use :::5000
      at Server.setupListenHandle [as _listen2] (node:net:1940:16)
      at listenInCluster (node:net:1997:12)
      at Server.listen (node:net:2102:7)
      at Function.listen (D:\intern project\Inventra\node_modules\express\lib\application.js:635:24)
      at startServer (D:\intern project\Inventra\backend\server.js:78:7)
      at process.processTicksAndRejections (node:internal/process/task_queues:105:5) {
    code: 'EADDRINUSE',
    errno: -4091,
    syscall: 'listen',
    address: '::',
    port: 5000
  },
  level: 'error',
  message: 'uncaughtException: listen EADDRINUSE: address already in use :::5000\n' +
    'Error: listen EADDRINUSE: address already in use :::5000\n' +
    '    at Server.setupListenHandle [as _listen2] (node:net:1940:16)\n' +
    '    at listenInCluster (node:net:1997:12)\n' +
    '    at Server.listen (node:net:2102:7)\n' +
    '    at Function.listen (D:\\intern project\\Inventra\\node_modules\\express\\lib\\application.js:635:24)\n' +
    '    at startServer (D:\\intern project\\Inventra\\backend\\server.js:78:7)\n' +
    '    at process.processTicksAndRejections (node:internal/process/task_queues:105:5)',
  stack: 'Error: listen EADDRINUSE: address already in use :::5000\n' +
    '    at Server.setupListenHandle [as _listen2] (node:net:1940:16)\n' +
    '    at listenInCluster (node:net:1997:12)\n' +
    '    at Server.listen (node:net:2102:7)\n' +
    '    at Function.listen (D:\\intern project\\Inventra\\node_modules\\express\\lib\\application.js:635:24)\n' +
    '    at startServer (D:\\intern project\\Inventra\\backend\\server.js:78:7)\n' +
    '    at process.processTicksAndRejections (node:internal/process/task_queues:105:5)',
  exception: true,
  date: 'Wed Oct 15 2025 09:55:45 GMT+0800 (Malaysia Time)',
  process: {
    pid: 22152,
    uid: null,
    gid: null,
    cwd: 'D:\\intern project\\Inventra\\backend',
    execPath: 'C:\\Program Files\\nodejs\\node.exe',
    version: 'v22.19.0',
    argv: [
      'C:\\Program Files\\nodejs\\node.exe',
      'D:\\intern project\\Inventra\\backend\\server.js'
    ],
    memoryUsage: {
      rss: 62808064,
      heapTotal: 33501184,
      heapUsed: 17617168,
      external: 2336301,
      arrayBuffers: 18757
    }
  },
  os: { loadavg: [ 0, 0, 0 ], uptime: 1764696.671 },
  trace: [
    {
      column: 16,
      file: 'node:net',
      function: 'Server.setupListenHandle [as _listen2]',
      line: 1940,
      method: 'setupListenHandle [as _listen2]',
      native: false
    },
    {
      column: 12,
      file: 'node:net',
      function: 'listenInCluster',
      line: 1997,
      method: null,
      native: false
    },
    {
      column: 7,
      file: 'node:net',
      function: 'Server.listen',
      line: 2102,
      method: 'listen',
      native: false
    },
    {
      column: 24,
      file: 'D:\\intern project\\Inventra\\node_modules\\express\\lib\\application.js',
      function: 'Function.listen',
      line: 635,
      method: 'listen',
      native: false
    },
    {
      column: 7,
      file: 'D:\\intern project\\Inventra\\backend\\server.js',
      function: 'startServer',
      line: 78,
      method: null,
      native: false
    },
    {
      column: 5,
      file: 'node:internal/process/task_queues',
      function: 'process.processTicksAndRejections',
      line: 105,
      method: 'processTicksAndRejections',
      native: false
    }
  ],
  timestamp: '2025-10-15 09:55:45'
}
{
  message: '✅ Database connected successfully',
  level: 'info',
  timestamp: '2025-10-15 10:09:07'
}
{
  message: '🚀 Inventra Backend Server running on port 5000',
  level: 'info',
  timestamp: '2025-10-15 10:09:07'
}
{
  message: '📍 Environment: development',
  level: 'info',
  timestamp: '2025-10-15 10:09:07'
}
{
  message: '🌐 CORS enabled for: http://localhost:3000',
  level: 'info',
  timestamp: '2025-10-15 10:09:07'
}
{
  message: '✅ Database connected successfully',
  level: 'info',
  timestamp: '2025-10-15 10:18:11'
}
{
  message: '🚀 Inventra Backend Server running on port 5000',
  level: 'info',
  timestamp: '2025-10-15 10:18:11'
}
{
  message: '📍 Environment: development',
  level: 'info',
  timestamp: '2025-10-15 10:18:11'
}
{
  message: '🌐 CORS enabled for: http://localhost:3000',
  level: 'info',
  timestamp: '2025-10-15 10:18:11'
}
{
  message: 'SIGINT received, shutting down gracefully',
  level: 'info',
  timestamp: '2025-10-15 10:18:29'
}
{
  message: '✅ Database connected successfully',
  level: 'info',
  timestamp: '2025-10-15 10:19:04'
}
{
  message: '🚀 Inventra Backend Server running on port 5000',
  level: 'info',
  timestamp: '2025-10-15 10:19:04'
}
{
  message: '📍 Environment: development',
  level: 'info',
  timestamp: '2025-10-15 10:19:04'
}
{
  message: '🌐 CORS enabled for: http://localhost:3000',
  level: 'info',
  timestamp: '2025-10-15 10:19:04'
}
{
  message: 'SIGINT received, shutting down gracefully',
  level: 'info',
  timestamp: '2025-10-15 10:19:37'
}
{
  message: '✅ Database connected successfully',
  level: 'info',
  timestamp: '2025-10-15 10:25:17'
}
{
  message: '🚀 Inventra Backend Server running on port 5000',
  level: 'info',
  timestamp: '2025-10-15 10:25:17'
}
{
  message: '📍 Environment: development',
  level: 'info',
  timestamp: '2025-10-15 10:25:17'
}
{
  message: '🌐 CORS enabled for: http://localhost:3000',
  level: 'info',
  timestamp: '2025-10-15 10:25:17'
}
{
  message: 'SIGINT received, shutting down gracefully',
  level: 'info',
  timestamp: '2025-10-15 10:26:38'
}
{
  message: '✅ Database connected successfully',
  level: 'info',
  timestamp: '2025-10-15 10:37:45'
}
{
  message: '🚀 Inventra Backend Server running on port 5000',
  level: 'info',
  timestamp: '2025-10-15 10:37:45'
}
{
  message: '📍 Environment: development',
  level: 'info',
  timestamp: '2025-10-15 10:37:45'
}
{
  message: '🌐 CORS enabled for: http://localhost:3000',
  level: 'info',
  timestamp: '2025-10-15 10:37:45'
}
