{
  query: 'SELECT * FROM ASSET ORDER BY Created_At DESC LIMIT 5...',
  error: "Unknown column 'Created_At' in 'order clause'",
  level: 'error',
  message: 'Database query error:',
  timestamp: '2025-10-13 17:22:19'
}
{
  message: "Error in getAssetStatistics: Unknown column 'Created_At' in 'order clause'",
  code: 'ER_BAD_FIELD_ERROR',
  errno: 1054,
  sql: 'SELECT * FROM ASSET ORDER BY Created_At DESC LIMIT 5',
  sqlState: '42S22',
  sqlMessage: "Unknown column 'Created_At' in 'order clause'",
  level: 'error',
  stack: "Error: Unknown column 'Created_At' in 'order clause'\n" +
    '    at PromisePool.execute (D:\\intern project\\Inventra\\backend\\node_modules\\mysql2\\lib\\promise\\pool.js:54:22)\n' +
    '    at executeQuery (D:\\intern project\\Inventra\\backend\\config\\database.js:44:34)\n' +
    '    at D:\\intern project\\Inventra\\backend\\models\\Asset.js:155:28\n' +
    '    at Array.map (<anonymous>)\n' +
    '    at Asset.getStatistics (D:\\intern project\\Inventra\\backend\\models\\Asset.js:155:15)\n' +
    '    at getAssetStatistics (D:\\intern project\\Inventra\\backend\\controllers\\assetController.js:159:36)\n' +
    '    at Layer.handle [as handle_request] (D:\\intern project\\Inventra\\backend\\node_modules\\express\\lib\\router\\layer.js:95:5)\n' +
    '    at next (D:\\intern project\\Inventra\\backend\\node_modules\\express\\lib\\router\\route.js:149:13)\n' +
    '    at Route.dispatch (D:\\intern project\\Inventra\\backend\\node_modules\\express\\lib\\router\\route.js:119:3)\n' +
    '    at Layer.handle [as handle_request] (D:\\intern project\\Inventra\\backend\\node_modules\\express\\lib\\router\\layer.js:95:5)',
  timestamp: '2025-10-13 17:22:19'
}
{
  stack: "Error: Unknown column 'Created_At' in 'order clause'\n" +
    '    at PromisePool.execute (D:\\intern project\\Inventra\\backend\\node_modules\\mysql2\\lib\\promise\\pool.js:54:22)\n' +
    '    at executeQuery (D:\\intern project\\Inventra\\backend\\config\\database.js:44:34)\n' +
    '    at D:\\intern project\\Inventra\\backend\\models\\Asset.js:155:28\n' +
    '    at Array.map (<anonymous>)\n' +
    '    at Asset.getStatistics (D:\\intern project\\Inventra\\backend\\models\\Asset.js:155:15)\n' +
    '    at getAssetStatistics (D:\\intern project\\Inventra\\backend\\controllers\\assetController.js:159:36)\n' +
    '    at Layer.handle [as handle_request] (D:\\intern project\\Inventra\\backend\\node_modules\\express\\lib\\router\\layer.js:95:5)\n' +
    '    at next (D:\\intern project\\Inventra\\backend\\node_modules\\express\\lib\\router\\route.js:149:13)\n' +
    '    at Route.dispatch (D:\\intern project\\Inventra\\backend\\node_modules\\express\\lib\\router\\route.js:119:3)\n' +
    '    at Layer.handle [as handle_request] (D:\\intern project\\Inventra\\backend\\node_modules\\express\\lib\\router\\layer.js:95:5)',
  url: '/api/v1/assets/statistics',
  method: 'GET',
  ip: '::1',
  userAgent: 'Mozilla/5.0 (Windows NT 10.0; Win64; x64) AppleWebKit/537.36 (KHTML, like Gecko) Chrome/137.0.0.0 Safari/537.36 OPR/121.0.0.0',
  level: 'error',
  message: "Error Unknown column 'Created_At' in 'order clause'",
  timestamp: '2025-10-13 17:22:19'
}
{
  query: '\n' +
    '      SELECT * FROM ASSET \n' +
    '      WHERE 1=1 \n' +
    '      ORDER BY Created_At DESC \n' +
    '      LIMIT ? OFFSET ?\n' +
    '...',
  error: "Unknown column 'Created_At' in 'order clause'",
  level: 'error',
  message: 'Database query error:',
  timestamp: '2025-10-13 17:23:57'
}
{
  message: "Error in getAllAssets: Unknown column 'Created_At' in 'order clause'",
  code: 'ER_BAD_FIELD_ERROR',
  errno: 1054,
  sql: '\n' +
    '      SELECT * FROM ASSET \n' +
    '      WHERE 1=1 \n' +
    '      ORDER BY Created_At DESC \n' +
    '      LIMIT ? OFFSET ?\n' +
    '    ',
  sqlState: '42S22',
  sqlMessage: "Unknown column 'Created_At' in 'order clause'",
  level: 'error',
  stack: "Error: Unknown column 'Created_At' in 'order clause'\n" +
    '    at PromisePool.execute (D:\\intern project\\Inventra\\backend\\node_modules\\mysql2\\lib\\promise\\pool.js:54:22)\n' +
    '    at executeQuery (D:\\intern project\\Inventra\\backend\\config\\database.js:44:34)\n' +
    '    at Asset.findAll (D:\\intern project\\Inventra\\backend\\models\\Asset.js:93:26)\n' +
    '    at process.processTicksAndRejections (node:internal/process/task_queues:105:5)\n' +
    '    at async getAllAssets (D:\\intern project\\Inventra\\backend\\controllers\\assetController.js:19:20)',
  timestamp: '2025-10-13 17:23:57'
}
{
  stack: "Error: Unknown column 'Created_At' in 'order clause'\n" +
    '    at PromisePool.execute (D:\\intern project\\Inventra\\backend\\node_modules\\mysql2\\lib\\promise\\pool.js:54:22)\n' +
    '    at executeQuery (D:\\intern project\\Inventra\\backend\\config\\database.js:44:34)\n' +
    '    at Asset.findAll (D:\\intern project\\Inventra\\backend\\models\\Asset.js:93:26)\n' +
    '    at process.processTicksAndRejections (node:internal/process/task_queues:105:5)\n' +
    '    at async getAllAssets (D:\\intern project\\Inventra\\backend\\controllers\\assetController.js:19:20)',
  url: '/api/v1/assets?page=1&limit=1000',
  method: 'GET',
  ip: '::1',
  userAgent: 'Mozilla/5.0 (Windows NT 10.0; Win64; x64) AppleWebKit/537.36 (KHTML, like Gecko) Chrome/137.0.0.0 Safari/537.36 OPR/121.0.0.0',
  level: 'error',
  message: "Error Unknown column 'Created_At' in 'order clause'",
  timestamp: '2025-10-13 17:23:57'
}
{
  query: '\n' +
    '      SELECT * FROM ASSET \n' +
    '      WHERE 1=1 \n' +
    '      ORDER BY Created_At DESC \n' +
    '      LIMIT ? OFFSET ?\n' +
    '...',
  error: "Unknown column 'Created_At' in 'order clause'",
  level: 'error',
  message: 'Database query error:',
  timestamp: '2025-10-13 17:23:59'
}
{
  message: "Error in getAllAssets: Unknown column 'Created_At' in 'order clause'",
  code: 'ER_BAD_FIELD_ERROR',
  errno: 1054,
  sql: '\n' +
    '      SELECT * FROM ASSET \n' +
    '      WHERE 1=1 \n' +
    '      ORDER BY Created_At DESC \n' +
    '      LIMIT ? OFFSET ?\n' +
    '    ',
  sqlState: '42S22',
  sqlMessage: "Unknown column 'Created_At' in 'order clause'",
  level: 'error',
  stack: "Error: Unknown column 'Created_At' in 'order clause'\n" +
    '    at PromisePool.execute (D:\\intern project\\Inventra\\backend\\node_modules\\mysql2\\lib\\promise\\pool.js:54:22)\n' +
    '    at executeQuery (D:\\intern project\\Inventra\\backend\\config\\database.js:44:34)\n' +
    '    at Asset.findAll (D:\\intern project\\Inventra\\backend\\models\\Asset.js:93:26)\n' +
    '    at process.processTicksAndRejections (node:internal/process/task_queues:105:5)\n' +
    '    at async getAllAssets (D:\\intern project\\Inventra\\backend\\controllers\\assetController.js:19:20)',
  timestamp: '2025-10-13 17:23:59'
}
{
  stack: "Error: Unknown column 'Created_At' in 'order clause'\n" +
    '    at PromisePool.execute (D:\\intern project\\Inventra\\backend\\node_modules\\mysql2\\lib\\promise\\pool.js:54:22)\n' +
    '    at executeQuery (D:\\intern project\\Inventra\\backend\\config\\database.js:44:34)\n' +
    '    at Asset.findAll (D:\\intern project\\Inventra\\backend\\models\\Asset.js:93:26)\n' +
    '    at process.processTicksAndRejections (node:internal/process/task_queues:105:5)\n' +
    '    at async getAllAssets (D:\\intern project\\Inventra\\backend\\controllers\\assetController.js:19:20)',
  url: '/api/v1/assets?page=1&limit=1000',
  method: 'GET',
  ip: '::1',
  userAgent: 'Mozilla/5.0 (Windows NT 10.0; Win64; x64) AppleWebKit/537.36 (KHTML, like Gecko) Chrome/137.0.0.0 Safari/537.36 OPR/121.0.0.0',
  level: 'error',
  message: "Error Unknown column 'Created_At' in 'order clause'",
  timestamp: '2025-10-13 17:23:59'
}
{
  query: '\n' +
    '      SELECT * FROM ASSET \n' +
    '      WHERE 1=1 \n' +
    '      ORDER BY Created_At DESC \n' +
    '      LIMIT ? OFFSET ?\n' +
    '...',
  error: "Unknown column 'Created_At' in 'order clause'",
  level: 'error',
  message: 'Database query error:',
  timestamp: '2025-10-13 17:24:01'
}
{
  message: "Error in getAllAssets: Unknown column 'Created_At' in 'order clause'",
  code: 'ER_BAD_FIELD_ERROR',
  errno: 1054,
  sql: '\n' +
    '      SELECT * FROM ASSET \n' +
    '      WHERE 1=1 \n' +
    '      ORDER BY Created_At DESC \n' +
    '      LIMIT ? OFFSET ?\n' +
    '    ',
  sqlState: '42S22',
  sqlMessage: "Unknown column 'Created_At' in 'order clause'",
  level: 'error',
  stack: "Error: Unknown column 'Created_At' in 'order clause'\n" +
    '    at PromisePool.execute (D:\\intern project\\Inventra\\backend\\node_modules\\mysql2\\lib\\promise\\pool.js:54:22)\n' +
    '    at executeQuery (D:\\intern project\\Inventra\\backend\\config\\database.js:44:34)\n' +
    '    at Asset.findAll (D:\\intern project\\Inventra\\backend\\models\\Asset.js:93:26)\n' +
    '    at process.processTicksAndRejections (node:internal/process/task_queues:105:5)\n' +
    '    at async getAllAssets (D:\\intern project\\Inventra\\backend\\controllers\\assetController.js:19:20)',
  timestamp: '2025-10-13 17:24:01'
}
{
  stack: "Error: Unknown column 'Created_At' in 'order clause'\n" +
    '    at PromisePool.execute (D:\\intern project\\Inventra\\backend\\node_modules\\mysql2\\lib\\promise\\pool.js:54:22)\n' +
    '    at executeQuery (D:\\intern project\\Inventra\\backend\\config\\database.js:44:34)\n' +
    '    at Asset.findAll (D:\\intern project\\Inventra\\backend\\models\\Asset.js:93:26)\n' +
    '    at process.processTicksAndRejections (node:internal/process/task_queues:105:5)\n' +
    '    at async getAllAssets (D:\\intern project\\Inventra\\backend\\controllers\\assetController.js:19:20)',
  url: '/api/v1/assets?page=1&limit=1000',
  method: 'GET',
  ip: '::1',
  userAgent: 'Mozilla/5.0 (Windows NT 10.0; Win64; x64) AppleWebKit/537.36 (KHTML, like Gecko) Chrome/137.0.0.0 Safari/537.36 OPR/121.0.0.0',
  level: 'error',
  message: "Error Unknown column 'Created_At' in 'order clause'",
  timestamp: '2025-10-13 17:24:01'
}
{
  query: 'SELECT * FROM ASSET ORDER BY Created_At DESC LIMIT 5...',
  error: "Unknown column 'Created_At' in 'order clause'",
  level: 'error',
  message: 'Database query error:',
  timestamp: '2025-10-13 17:24:19'
}
{
  message: "Error in getAssetStatistics: Unknown column 'Created_At' in 'order clause'",
  code: 'ER_BAD_FIELD_ERROR',
  errno: 1054,
  sql: 'SELECT * FROM ASSET ORDER BY Created_At DESC LIMIT 5',
  sqlState: '42S22',
  sqlMessage: "Unknown column 'Created_At' in 'order clause'",
  level: 'error',
  stack: "Error: Unknown column 'Created_At' in 'order clause'\n" +
    '    at PromisePool.execute (D:\\intern project\\Inventra\\backend\\node_modules\\mysql2\\lib\\promise\\pool.js:54:22)\n' +
    '    at executeQuery (D:\\intern project\\Inventra\\backend\\config\\database.js:44:34)\n' +
    '    at D:\\intern project\\Inventra\\backend\\models\\Asset.js:155:28\n' +
    '    at Array.map (<anonymous>)\n' +
    '    at Asset.getStatistics (D:\\intern project\\Inventra\\backend\\models\\Asset.js:155:15)\n' +
    '    at getAssetStatistics (D:\\intern project\\Inventra\\backend\\controllers\\assetController.js:159:36)\n' +
    '    at Layer.handle [as handle_request] (D:\\intern project\\Inventra\\backend\\node_modules\\express\\lib\\router\\layer.js:95:5)\n' +
    '    at next (D:\\intern project\\Inventra\\backend\\node_modules\\express\\lib\\router\\route.js:149:13)\n' +
    '    at Route.dispatch (D:\\intern project\\Inventra\\backend\\node_modules\\express\\lib\\router\\route.js:119:3)\n' +
    '    at Layer.handle [as handle_request] (D:\\intern project\\Inventra\\backend\\node_modules\\express\\lib\\router\\layer.js:95:5)',
  timestamp: '2025-10-13 17:24:19'
}
{
  stack: "Error: Unknown column 'Created_At' in 'order clause'\n" +
    '    at PromisePool.execute (D:\\intern project\\Inventra\\backend\\node_modules\\mysql2\\lib\\promise\\pool.js:54:22)\n' +
    '    at executeQuery (D:\\intern project\\Inventra\\backend\\config\\database.js:44:34)\n' +
    '    at D:\\intern project\\Inventra\\backend\\models\\Asset.js:155:28\n' +
    '    at Array.map (<anonymous>)\n' +
    '    at Asset.getStatistics (D:\\intern project\\Inventra\\backend\\models\\Asset.js:155:15)\n' +
    '    at getAssetStatistics (D:\\intern project\\Inventra\\backend\\controllers\\assetController.js:159:36)\n' +
    '    at Layer.handle [as handle_request] (D:\\intern project\\Inventra\\backend\\node_modules\\express\\lib\\router\\layer.js:95:5)\n' +
    '    at next (D:\\intern project\\Inventra\\backend\\node_modules\\express\\lib\\router\\route.js:149:13)\n' +
    '    at Route.dispatch (D:\\intern project\\Inventra\\backend\\node_modules\\express\\lib\\router\\route.js:119:3)\n' +
    '    at Layer.handle [as handle_request] (D:\\intern project\\Inventra\\backend\\node_modules\\express\\lib\\router\\layer.js:95:5)',
  url: '/api/v1/assets/statistics',
  method: 'GET',
  ip: '::1',
  userAgent: 'Mozilla/5.0 (Windows NT 10.0; Win64; x64) AppleWebKit/537.36 (KHTML, like Gecko) Chrome/137.0.0.0 Safari/537.36 OPR/121.0.0.0',
  level: 'error',
  message: "Error Unknown column 'Created_At' in 'order clause'",
  timestamp: '2025-10-13 17:24:19'
}
{
  query: '\n' +
    '      SELECT * FROM ASSET \n' +
    '      WHERE 1=1 \n' +
    '      ORDER BY Created_At DESC \n' +
    '      LIMIT ? OFFSET ?\n' +
    '...',
  error: "Unknown column 'Created_At' in 'order clause'",
  level: 'error',
  message: 'Database query error:',
  timestamp: '2025-10-13 17:24:24'
}
{
  message: "Error in getAllAssets: Unknown column 'Created_At' in 'order clause'",
  code: 'ER_BAD_FIELD_ERROR',
  errno: 1054,
  sql: '\n' +
    '      SELECT * FROM ASSET \n' +
    '      WHERE 1=1 \n' +
    '      ORDER BY Created_At DESC \n' +
    '      LIMIT ? OFFSET ?\n' +
    '    ',
  sqlState: '42S22',
  sqlMessage: "Unknown column 'Created_At' in 'order clause'",
  level: 'error',
  stack: "Error: Unknown column 'Created_At' in 'order clause'\n" +
    '    at PromisePool.execute (D:\\intern project\\Inventra\\backend\\node_modules\\mysql2\\lib\\promise\\pool.js:54:22)\n' +
    '    at executeQuery (D:\\intern project\\Inventra\\backend\\config\\database.js:44:34)\n' +
    '    at Asset.findAll (D:\\intern project\\Inventra\\backend\\models\\Asset.js:93:26)\n' +
    '    at process.processTicksAndRejections (node:internal/process/task_queues:105:5)\n' +
    '    at async getAllAssets (D:\\intern project\\Inventra\\backend\\controllers\\assetController.js:19:20)',
  timestamp: '2025-10-13 17:24:24'
}
{
  stack: "Error: Unknown column 'Created_At' in 'order clause'\n" +
    '    at PromisePool.execute (D:\\intern project\\Inventra\\backend\\node_modules\\mysql2\\lib\\promise\\pool.js:54:22)\n' +
    '    at executeQuery (D:\\intern project\\Inventra\\backend\\config\\database.js:44:34)\n' +
    '    at Asset.findAll (D:\\intern project\\Inventra\\backend\\models\\Asset.js:93:26)\n' +
    '    at process.processTicksAndRejections (node:internal/process/task_queues:105:5)\n' +
    '    at async getAllAssets (D:\\intern project\\Inventra\\backend\\controllers\\assetController.js:19:20)',
  url: '/api/v1/assets?page=1&limit=1000',
  method: 'GET',
  ip: '::1',
  userAgent: 'Mozilla/5.0 (Windows NT 10.0; Win64; x64) AppleWebKit/537.36 (KHTML, like Gecko) Chrome/137.0.0.0 Safari/537.36 OPR/121.0.0.0',
  level: 'error',
  message: "Error Unknown column 'Created_At' in 'order clause'",
  timestamp: '2025-10-13 17:24:24'
}
{
  query: 'SELECT * FROM ASSET ORDER BY Created_At DESC LIMIT 5...',
  error: "Unknown column 'Created_At' in 'order clause'",
  level: 'error',
  message: 'Database query error:',
  timestamp: '2025-10-13 17:24:28'
}
{
  message: "Error in getAssetStatistics: Unknown column 'Created_At' in 'order clause'",
  code: 'ER_BAD_FIELD_ERROR',
  errno: 1054,
  sql: 'SELECT * FROM ASSET ORDER BY Created_At DESC LIMIT 5',
  sqlState: '42S22',
  sqlMessage: "Unknown column 'Created_At' in 'order clause'",
  level: 'error',
  stack: "Error: Unknown column 'Created_At' in 'order clause'\n" +
    '    at PromisePool.execute (D:\\intern project\\Inventra\\backend\\node_modules\\mysql2\\lib\\promise\\pool.js:54:22)\n' +
    '    at executeQuery (D:\\intern project\\Inventra\\backend\\config\\database.js:44:34)\n' +
    '    at D:\\intern project\\Inventra\\backend\\models\\Asset.js:155:28\n' +
    '    at Array.map (<anonymous>)\n' +
    '    at Asset.getStatistics (D:\\intern project\\Inventra\\backend\\models\\Asset.js:155:15)\n' +
    '    at getAssetStatistics (D:\\intern project\\Inventra\\backend\\controllers\\assetController.js:159:36)\n' +
    '    at Layer.handle [as handle_request] (D:\\intern project\\Inventra\\backend\\node_modules\\express\\lib\\router\\layer.js:95:5)\n' +
    '    at next (D:\\intern project\\Inventra\\backend\\node_modules\\express\\lib\\router\\route.js:149:13)\n' +
    '    at Route.dispatch (D:\\intern project\\Inventra\\backend\\node_modules\\express\\lib\\router\\route.js:119:3)\n' +
    '    at Layer.handle [as handle_request] (D:\\intern project\\Inventra\\backend\\node_modules\\express\\lib\\router\\layer.js:95:5)',
  timestamp: '2025-10-13 17:24:28'
}
{
  stack: "Error: Unknown column 'Created_At' in 'order clause'\n" +
    '    at PromisePool.execute (D:\\intern project\\Inventra\\backend\\node_modules\\mysql2\\lib\\promise\\pool.js:54:22)\n' +
    '    at executeQuery (D:\\intern project\\Inventra\\backend\\config\\database.js:44:34)\n' +
    '    at D:\\intern project\\Inventra\\backend\\models\\Asset.js:155:28\n' +
    '    at Array.map (<anonymous>)\n' +
    '    at Asset.getStatistics (D:\\intern project\\Inventra\\backend\\models\\Asset.js:155:15)\n' +
    '    at getAssetStatistics (D:\\intern project\\Inventra\\backend\\controllers\\assetController.js:159:36)\n' +
    '    at Layer.handle [as handle_request] (D:\\intern project\\Inventra\\backend\\node_modules\\express\\lib\\router\\layer.js:95:5)\n' +
    '    at next (D:\\intern project\\Inventra\\backend\\node_modules\\express\\lib\\router\\route.js:149:13)\n' +
    '    at Route.dispatch (D:\\intern project\\Inventra\\backend\\node_modules\\express\\lib\\router\\route.js:119:3)\n' +
    '    at Layer.handle [as handle_request] (D:\\intern project\\Inventra\\backend\\node_modules\\express\\lib\\router\\layer.js:95:5)',
  url: '/api/v1/assets/statistics',
  method: 'GET',
  ip: '::1',
  userAgent: 'Mozilla/5.0 (Windows NT 10.0; Win64; x64) AppleWebKit/537.36 (KHTML, like Gecko) Chrome/137.0.0.0 Safari/537.36 OPR/121.0.0.0',
  level: 'error',
  message: "Error Unknown column 'Created_At' in 'order clause'",
  timestamp: '2025-10-13 17:24:28'
}
{
  level: 'error',
  message: '❌ Database connection failed:',
  timestamp: '2025-10-15 09:28:01'
}
{
  level: 'error',
  message: '❌ Database connection failed:',
  timestamp: '2025-10-15 09:29:14'
}
{
  level: 'error',
  message: '❌ Database connection failed:',
  timestamp: '2025-10-15 09:29:29'
}
{
  level: 'error',
  message: '❌ Database connection failed:',
  timestamp: '2025-10-15 09:32:07'
}
